<?xml version="1.0" encoding="UTF-8"?>
<!-- Generated by org.testng.reporters.JUnitXMLReporter -->
<testsuite ignored="0" hostname="11LAP54YP5J3" failures="1" tests="1" name="TC001 - Ejercicios QA Vodafone on CHROME" time="15847.963" errors="0" timestamp="2022-06-14T17:15:49 CEST">
  <testcase classname="com.indra.cilantrum.framework.api.test.CilantrumTest" name="test" time="15847.741">
    <failure type="java.lang.RuntimeException">
      <![CDATA[java.lang.RuntimeException
at com.indra.cilantrum.framework.api.test.CilantrumTest.test(CilantrumTest.java:43)
at java.base/jdk.internal.reflect.NativeMethodAccessorImpl.invoke0(Native Method)
at java.base/jdk.internal.reflect.NativeMethodAccessorImpl.invoke(NativeMethodAccessorImpl.java:64)
at java.base/jdk.internal.reflect.DelegatingMethodAccessorImpl.invoke(DelegatingMethodAccessorImpl.java:43)
at java.base/java.lang.reflect.Method.invoke(Method.java:564)
at org.testng.internal.MethodInvocationHelper.invokeMethod(MethodInvocationHelper.java:133)
at org.testng.internal.TestInvoker.invokeMethod(TestInvoker.java:584)
at org.testng.internal.TestInvoker.invokeTestMethod(TestInvoker.java:172)
at org.testng.internal.MethodRunner.runInSequence(MethodRunner.java:46)
at org.testng.internal.TestInvoker$MethodInvocationAgent.invoke(TestInvoker.java:804)
at org.testng.internal.TestInvoker.invokeTestMethods(TestInvoker.java:145)
at org.testng.internal.TestMethodWorker.invokeTestMethods(TestMethodWorker.java:146)
at org.testng.internal.TestMethodWorker.run(TestMethodWorker.java:128)
at java.base/java.util.ArrayList.forEach(ArrayList.java:1511)
at org.testng.TestRunner.privateRun(TestRunner.java:770)
at org.testng.TestRunner.run(TestRunner.java:591)
at org.testng.SuiteRunner.runTest(SuiteRunner.java:402)
at org.testng.SuiteRunner.runSequentially(SuiteRunner.java:396)
at org.testng.SuiteRunner.privateRun(SuiteRunner.java:355)
at org.testng.SuiteRunner.run(SuiteRunner.java:304)
at org.testng.SuiteRunnerWorker.runSuite(SuiteRunnerWorker.java:53)
at org.testng.SuiteRunnerWorker.run(SuiteRunnerWorker.java:96)
at org.testng.TestNG.runSuitesSequentially(TestNG.java:1180)
at org.testng.TestNG.runSuitesLocally(TestNG.java:1102)
at org.testng.TestNG.runSuites(TestNG.java:1032)
at org.testng.TestNG.run(TestNG.java:1000)
at com.indra.cilantrum.framework.build.Build.execute(Build.java:118)
at com.indra.cilantrum.framework.main.Main.executeBuild(Main.java:254)
at com.indra.cilantrum.framework.main.Main.main(Main.java:72)
at com.indra.cilantrum.framework.main.Main.launchBuild(Main.java:104)
at com.indra.main.ejercicioVodafone.main.LaunchEjercicioVodafone.main(LaunchEjercicioVodafone.java:12)
]]>
    </failure>
  </testcase> <!-- test -->
</testsuite> <!-- TC001 - Ejercicios QA Vodafone on CHROME -->
