<?xml version="1.0" encoding="UTF-8"?>
<testng-results ignored="0" total="1" passed="1" failed="0" skipped="0">
  <suite started-at="2022-06-14T12:56:12 CEST" name="EJERCICIOVODAFONE" finished-at="2022-06-14T12:56:23 CEST" duration-ms="10684">
    <groups>
    </groups>
    <test started-at="2022-06-14T12:56:12 CEST" name="TC001 - Ejercicios QA Vodafone on CHROME" finished-at="2022-06-14T12:56:23 CEST" duration-ms="10684">
      <class name="com.indra.main.ejercicioVodafone.ejercicio1.TC_EjercicioVodafone">
        <test-method is-config="true" signature="testSetup(org.testng.xml.XmlTest)[pri:0, instance:com.indra.main.ejercicioVodafone.ejercicio1.TC_EjercicioVodafone@773e2eb5]" started-at="2022-06-14T12:56:12 CEST" name="testSetup" finished-at="2022-06-14T12:56:12 CEST" duration-ms="15" status="PASS">
          <params>
            <param index="0">
              <value>
                <![CDATA[com.indra.cilantrum.framework.build.CilantrumXmlTest@720c064c]]>
              </value>
            </param>
          </params>
          <reporter-output>
          </reporter-output>
        </test-method> <!-- testSetup -->
        <test-method signature="test()[pri:0, instance:com.indra.main.ejercicioVodafone.ejercicio1.TC_EjercicioVodafone@773e2eb5]" started-at="2022-06-14T12:56:12 CEST" name="test" finished-at="2022-06-14T12:56:23 CEST" duration-ms="10629" status="PASS">
          <reporter-output>
          </reporter-output>
        </test-method> <!-- test -->
        <test-method is-config="true" signature="testTeardown(org.testng.ITestContext)[pri:0, instance:com.indra.main.ejercicioVodafone.ejercicio1.TC_EjercicioVodafone@773e2eb5]" started-at="2022-06-14T12:56:23 CEST" name="testTeardown" finished-at="2022-06-14T12:56:23 CEST" duration-ms="4" status="PASS">
          <params>
            <param index="0">
              <value>
                <![CDATA[org.testng.TestRunner@40017e98]]>
              </value>
            </param>
          </params>
          <reporter-output>
          </reporter-output>
        </test-method> <!-- testTeardown -->
      </class> <!-- com.indra.main.ejercicioVodafone.ejercicio1.TC_EjercicioVodafone -->
    </test> <!-- TC001 - Ejercicios QA Vodafone on CHROME -->
  </suite> <!-- EJERCICIOVODAFONE -->
</testng-results>
