<?xml version="1.0" encoding="UTF-8"?>
<testng-results ignored="0" total="1" passed="0" failed="1" skipped="0">
  <suite started-at="2022-06-16T09:23:55 CEST" name="EJERCICIOVODAFONE" finished-at="2022-06-16T09:24:00 CEST" duration-ms="4719">
    <groups>
    </groups>
    <test started-at="2022-06-16T09:23:55 CEST" name="TC001 - Ejercicios QA Vodafone on CHROME" finished-at="2022-06-16T09:24:00 CEST" duration-ms="4719">
      <class name="com.indra.main.ejercicioVodafone.ejercicio1_Cilantrum.TC_EjercicioVodafone">
        <test-method is-config="true" signature="testSetup(org.testng.xml.XmlTest)[pri:0, instance:com.indra.main.ejercicioVodafone.ejercicio1_Cilantrum.TC_EjercicioVodafone@3b7b05a8]" started-at="2022-06-16T09:23:55 CEST" name="testSetup" finished-at="2022-06-16T09:23:55 CEST" duration-ms="14" status="PASS">
          <params>
            <param index="0">
              <value>
                <![CDATA[com.indra.cilantrum.framework.build.CilantrumXmlTest@85104c93]]>
              </value>
            </param>
          </params>
          <reporter-output>
          </reporter-output>
        </test-method> <!-- testSetup -->
        <test-method signature="test()[pri:0, instance:com.indra.main.ejercicioVodafone.ejercicio1_Cilantrum.TC_EjercicioVodafone@3b7b05a8]" started-at="2022-06-16T09:23:55 CEST" name="test" finished-at="2022-06-16T09:24:00 CEST" duration-ms="4656" status="FAIL">
          <exception class="java.lang.RuntimeException">
            <message>
              <![CDATA[Los datos introducidos no son correctos.]]>
            </message>
            <full-stacktrace>
              <![CDATA[java.lang.RuntimeException: Los datos introducidos no son correctos.
at com.indra.cilantrum.framework.api.test.CilantrumTest.test(CilantrumTest.java:43)
at java.base/jdk.internal.reflect.NativeMethodAccessorImpl.invoke0(Native Method)
at java.base/jdk.internal.reflect.NativeMethodAccessorImpl.invoke(NativeMethodAccessorImpl.java:64)
at java.base/jdk.internal.reflect.DelegatingMethodAccessorImpl.invoke(DelegatingMethodAccessorImpl.java:43)
at java.base/java.lang.reflect.Method.invoke(Method.java:564)
at org.testng.internal.MethodInvocationHelper.invokeMethod(MethodInvocationHelper.java:133)
at org.testng.internal.TestInvoker.invokeMethod(TestInvoker.java:584)
at org.testng.internal.TestInvoker.invokeTestMethod(TestInvoker.java:172)
at org.testng.internal.MethodRunner.runInSequence(MethodRunner.java:46)
at org.testng.internal.TestInvoker$MethodInvocationAgent.invoke(TestInvoker.java:804)
at org.testng.internal.TestInvoker.invokeTestMethods(TestInvoker.java:145)
at org.testng.internal.TestMethodWorker.invokeTestMethods(TestMethodWorker.java:146)
at org.testng.internal.TestMethodWorker.run(TestMethodWorker.java:128)
at java.base/java.util.ArrayList.forEach(ArrayList.java:1511)
at org.testng.TestRunner.privateRun(TestRunner.java:770)
at org.testng.TestRunner.run(TestRunner.java:591)
at org.testng.SuiteRunner.runTest(SuiteRunner.java:402)
at org.testng.SuiteRunner.runSequentially(SuiteRunner.java:396)
at org.testng.SuiteRunner.privateRun(SuiteRunner.java:355)
at org.testng.SuiteRunner.run(SuiteRunner.java:304)
at org.testng.SuiteRunnerWorker.runSuite(SuiteRunnerWorker.java:53)
at org.testng.SuiteRunnerWorker.run(SuiteRunnerWorker.java:96)
at org.testng.TestNG.runSuitesSequentially(TestNG.java:1180)
at org.testng.TestNG.runSuitesLocally(TestNG.java:1102)
at org.testng.TestNG.runSuites(TestNG.java:1032)
at org.testng.TestNG.run(TestNG.java:1000)
at com.indra.cilantrum.framework.build.Build.execute(Build.java:118)
at com.indra.cilantrum.framework.main.Main.executeBuild(Main.java:254)
at com.indra.cilantrum.framework.main.Main.main(Main.java:72)
at com.indra.cilantrum.framework.main.Main.launchBuild(Main.java:104)
at com.indra.main.ejercicioVodafone.main.LaunchEjercicio1_Cilantrum.main(LaunchEjercicio1_Cilantrum.java:12)
]]>
            </full-stacktrace>
          </exception> <!-- java.lang.RuntimeException -->
          <reporter-output>
          </reporter-output>
        </test-method> <!-- test -->
        <test-method is-config="true" signature="testTeardown(org.testng.ITestContext)[pri:0, instance:com.indra.main.ejercicioVodafone.ejercicio1_Cilantrum.TC_EjercicioVodafone@3b7b05a8]" started-at="2022-06-16T09:24:00 CEST" name="testTeardown" finished-at="2022-06-16T09:24:00 CEST" duration-ms="21" status="PASS">
          <params>
            <param index="0">
              <value>
                <![CDATA[org.testng.TestRunner@7e0986c9]]>
              </value>
            </param>
          </params>
          <reporter-output>
          </reporter-output>
        </test-method> <!-- testTeardown -->
      </class> <!-- com.indra.main.ejercicioVodafone.ejercicio1_Cilantrum.TC_EjercicioVodafone -->
    </test> <!-- TC001 - Ejercicios QA Vodafone on CHROME -->
  </suite> <!-- EJERCICIOVODAFONE -->
</testng-results>
